# JRE version: Java(TM) SE Runtime Environment (17.0.12+8) (build 17.0.12+8-LTS-286)
# Java VM: Java HotSpot(TM) 64-Bit Server VM (17.0.12+8-LTS-286, mixed mode, sharing, tiered, compressed oops, compressed class ptrs, g1 gc, windows-amd64)
GC Precious Log:
 CPUs: 12 total, 12 available
 Memory: 7896M
 Large Page Support: Disabled
 NUMA Support: Disabled
 Compressed Oops: Enabled (32-bit)
 Heap Region Size: 1M
 Heap Min Capacity: 8M
 Heap Initial Capacity: 124M
 Heap Max Capacity: 1976M
 Pre-touch: Disabled
 Parallel Workers: 10
 Concurrent Workers: 3
 Concurrent Refinement Workers: 10
 Periodic GC: Disabled
Heap:
 garbage-first heap   total 508928K, used 5956K [0x0000000084800000, 0x0000000100000000)
  region size 1024K, 0 young (0K), 0 survivors (0K)
 Metaspace       used 15929K, committed 16192K, reserved 1114112K
  class space    used 2184K, committed 2304K, reserved 1048576K
GC Heap History (20 events):
Event: 891.266 GC heap after
{Heap after GC invocations=223 (full 0):
 garbage-first heap   total 508928K, used 5946K [0x0000000084800000, 0x0000000100000000)
  region size 1024K, 1 young (1024K), 1 survivors (1024K)
 Metaspace       used 15929K, committed 16192K, reserved 1114112K
  class space    used 2184K, committed 2304K, reserved 1048576K
}
Event: 891.565 GC heap before
{Heap before GC invocations=223 (full 0):
 garbage-first heap   total 508928K, used 310074K [0x0000000084800000, 0x0000000100000000)
  region size 1024K, 298 young (305152K), 1 survivors (1024K)
 Metaspace       used 15929K, committed 16192K, reserved 1114112K
  class space    used 2184K, committed 2304K, reserved 1048576K
}
Event: 891.566 GC heap after
{Heap after GC invocations=224 (full 0):
 garbage-first heap   total 508928K, used 5942K [0x0000000084800000, 0x0000000100000000)
  region size 1024K, 1 young (1024K), 1 survivors (1024K)
 Metaspace       used 15929K, committed 16192K, reserved 1114112K
  class space    used 2184K, committed 2304K, reserved 1048576K
}
Event: 891.854 GC heap before
{Heap before GC invocations=224 (full 0):
 garbage-first heap   total 508928K, used 310070K [0x0000000084800000, 0x0000000100000000)
  region size 1024K, 298 young (305152K), 1 survivors (1024K)
 Metaspace       used 15929K, committed 16192K, reserved 1114112K
  class space    used 2184K, committed 2304K, reserved 1048576K
}
Event: 892.044 GC heap after
{Heap after GC invocations=225 (full 0):
 garbage-first heap   total 508928K, used 5950K [0x0000000084800000, 0x0000000100000000)
  region size 1024K, 1 young (1024K), 1 survivors (1024K)
 Metaspace       used 15929K, committed 16192K, reserved 1114112K
  class space    used 2184K, committed 2304K, reserved 1048576K
}
Event: 892.320 GC heap before
{Heap before GC invocations=225 (full 0):
 garbage-first heap   total 508928K, used 310078K [0x0000000084800000, 0x0000000100000000)
  region size 1024K, 298 young (305152K), 1 survivors (1024K)
 Metaspace       used 15929K, committed 16192K, reserved 1114112K
  class space    used 2184K, committed 2304K, reserved 1048576K
}
Event: 892.321 GC heap after
{Heap after GC invocations=226 (full 0):
 garbage-first heap   total 508928K, used 5942K [0x0000000084800000, 0x0000000100000000)
  region size 1024K, 1 young (1024K), 1 survivors (1024K)
 Metaspace       used 15929K, committed 16192K, reserved 1114112K
  class space    used 2184K, committed 2304K, reserved 1048576K
}
Event: 892.601 GC heap before
{Heap before GC invocations=226 (full 0):
 garbage-first heap   total 508928K, used 310070K [0x0000000084800000, 0x0000000100000000)
  region size 1024K, 298 young (305152K), 1 survivors (1024K)
 Metaspace       used 15929K, committed 16192K, reserved 1114112K
  class space    used 2184K, committed 2304K, reserved 1048576K
}
Event: 892.602 GC heap after
{Heap after GC invocations=227 (full 0):
 garbage-first heap   total 508928K, used 5942K [0x0000000084800000, 0x0000000100000000)
  region size 1024K, 1 young (1024K), 1 survivors (1024K)
 Metaspace       used 15929K, committed 16192K, reserved 1114112K
  class space    used 2184K, committed 2304K, reserved 1048576K
}
Event: 892.887 GC heap before
{Heap before GC invocations=227 (full 0):
 garbage-first heap   total 508928K, used 310070K [0x0000000084800000, 0x0000000100000000)
  region size 1024K, 298 young (305152K), 1 survivors (1024K)
 Metaspace       used 15929K, committed 16192K, reserved 1114112K
  class space    used 2184K, committed 2304K, reserved 1048576K
}
Event: 893.037 GC heap after
{Heap after GC invocations=228 (full 0):
 garbage-first heap   total 508928K, used 5940K [0x0000000084800000, 0x0000000100000000)
  region size 1024K, 1 young (1024K), 1 survivors (1024K)
 Metaspace       used 15929K, committed 16192K, reserved 1114112K
  class space    used 2184K, committed 2304K, reserved 1048576K
}
Event: 893.312 GC heap before
{Heap before GC invocations=228 (full 0):
 garbage-first heap   total 508928K, used 310068K [0x0000000084800000, 0x0000000100000000)
  region size 1024K, 298 young (305152K), 1 survivors (1024K)
 Metaspace       used 15929K, committed 16192K, reserved 1114112K
  class space    used 2184K, committed 2304K, reserved 1048576K
}
Event: 893.314 GC heap after
{Heap after GC invocations=229 (full 0):
 garbage-first heap   total 508928K, used 5946K [0x0000000084800000, 0x0000000100000000)
  region size 1024K, 1 young (1024K), 1 survivors (1024K)
 Metaspace       used 15929K, committed 16192K, reserved 1114112K
  class space    used 2184K, committed 2304K, reserved 1048576K
}
Event: 893.588 GC heap before
{Heap before GC invocations=229 (full 0):
 garbage-first heap   total 508928K, used 310074K [0x0000000084800000, 0x0000000100000000)
  region size 1024K, 298 young (305152K), 1 survivors (1024K)
 Metaspace       used 15929K, committed 16192K, reserved 1114112K
  class space    used 2184K, committed 2304K, reserved 1048576K
}
Event: 893.589 GC heap after
{Heap after GC invocations=230 (full 0):
 garbage-first heap   total 508928K, used 5946K [0x0000000084800000, 0x0000000100000000)
  region size 1024K, 1 young (1024K), 1 survivors (1024K)
 Metaspace       used 15929K, committed 16192K, reserved 1114112K
  class space    used 2184K, committed 2304K, reserved 1048576K
}
Event: 893.865 GC heap before
{Heap before GC invocations=230 (full 0):
 garbage-first heap   total 508928K, used 310074K [0x0000000084800000, 0x0000000100000000)
  region size 1024K, 298 young (305152K), 1 survivors (1024K)
 Metaspace       used 15929K, committed 16192K, reserved 1114112K
  class space    used 2184K, committed 2304K, reserved 1048576K
}
Event: 893.866 GC heap after
{Heap after GC invocations=231 (full 0):
 garbage-first heap   total 508928K, used 5940K [0x0000000084800000, 0x0000000100000000)
  region size 1024K, 1 young (1024K), 1 survivors (1024K)
 Metaspace       used 15929K, committed 16192K, reserved 1114112K
  class space    used 2184K, committed 2304K, reserved 1048576K
}
Event: 894.137 GC heap before
{Heap before GC invocations=231 (full 0):
 garbage-first heap   total 508928K, used 310068K [0x0000000084800000, 0x0000000100000000)
  region size 1024K, 298 young (305152K), 1 survivors (1024K)
 Metaspace       used 15929K, committed 16192K, reserved 1114112K
  class space    used 2184K, committed 2304K, reserved 1048576K
}
Event: 894.282 GC heap after
{Heap after GC invocations=232 (full 0):
 garbage-first heap   total 508928K, used 5956K [0x0000000084800000, 0x0000000100000000)
  region size 1024K, 0 young (0K), 0 survivors (0K)
 Metaspace       used 15929K, committed 16192K, reserved 1114112K
  class space    used 2184K, committed 2304K, reserved 1048576K
}
Event: 894.626 GC heap before
{Heap before GC invocations=232 (full 0):
 garbage-first heap   total 508928K, used 311108K [0x0000000084800000, 0x0000000100000000)
  region size 1024K, 298 young (305152K), 0 survivors (0K)
 Metaspace       used 15929K, committed 16192K, reserved 1114112K
  class space    used 2184K, committed 2304K, reserved 1048576K
}

